{"name": "test_autosuggestion_dropdown_method3[datacsv9]", "status": "broken", "statusDetails": {"message": "selenium.common.exceptions.TimeoutException: Message:", "trace": "self = <test_conceptDemo.TestConcept object at 0x0000019BA91032F0>, practice_page = <pages.practice_page.PracticePage object at 0x0000019BA9151370>\ndatacsv = {'full_country_name': 'Japan', 'partial_name': 'jp'}\n\n    @pytest.mark.parametrize(\"datacsv\", datacsv)\n    def test_autosuggestion_dropdown_method3(self, practice_page, datacsv):\n        # This is method 3 of data driven testing using fixture to read external csv file\n        # Verify that user can type a partial country name, select a value from the auto-suggestion list, and the selected value is populated correctly.\n        autosuggestion_flow = AutoSuggestionsFlow(practice_page)\n>       selected_country = autosuggestion_flow.select_country_from_autosuggestions(datacsv[\"partial_name\"], datacsv[\"full_country_name\"])\n                           ^^^^^^^^^^^^^^^^^^^^^^^^^^^^^^^^^^^^^^^^^^^^^^^^^^^^^^^^^^^^^^^^^^^^^^^^^^^^^^^^^^^^^^^^^^^^^^^^^^^^^^^^^^^^^^\n\ntests\\test_conceptDemo.py:78: \n_ _ _ _ _ _ _ _ _ _ _ _ _ _ _ _ _ _ _ _ _ _ _ _ _ _ _ _ _ _ _ _ _ _ _ _ _ _ _ _ _ _ _ _ _ _ _ _ _ _ _ _ _ _ _ _ _ _ _ _ _ _ _ _ _ _ _ _ _ _ _ _ _ _ _ _ _ _ _ _ _ _ _ _ _ _ _\nflows\\autosuggestions_flow.py:10: in select_country_from_autosuggestions\n    self.practice_page.wait_for_autosuggestion_list()\npages\\practice_page.py:41: in wait_for_autosuggestion_list\n    self.find_elements(self.SUGGESTIONS)\nbase\\basepage.py:86: in find_elements\n    self.wait.until(EC.presence_of_all_elements_located(locator))\n_ _ _ _ _ _ _ _ _ _ _ _ _ _ _ _ _ _ _ _ _ _ _ _ _ _ _ _ _ _ _ _ _ _ _ _ _ _ _ _ _ _ _ _ _ _ _ _ _ _ _ _ _ _ _ _ _ _ _ _ _ _ _ _ _ _ _ _ _ _ _ _ _ _ _ _ _ _ _ _ _ _ _ _ _ _ _\n\nself = <selenium.webdriver.support.wait.WebDriverWait (session=\"2fe8bfd49ce333631ec2c541db3bceb7\")>\nmethod = <function presence_of_all_elements_located.<locals>._predicate at 0x0000019BA9148400>, message = ''\n\n    def until(self, method: Callable[[D], Literal[False] | T], message: str = \"\") -> T:\n        \"\"\"Wait until the method returns a value that is not False.\n    \n        Calls the method provided with the driver as an argument until the\n        return value does not evaluate to ``False``.\n    \n        Args:\n            method: A callable object that takes a WebDriver instance as an\n                argument.\n            message: Optional message for TimeoutException.\n    \n        Returns:\n            The result of the last call to `method`.\n    \n        Raises:\n            TimeoutException: If 'method' does not return a truthy value within\n                the WebDriverWait object's timeout.\n    \n        Example:\n            >>> from selenium.webdriver.common.by import By\n            >>> from selenium.webdriver.support.ui import WebDriverWait\n            >>> from selenium.webdriver.support import expected_conditions as EC\n            >>>\n            >>> # Wait until an element is visible on the page\n            >>> wait = WebDriverWait(driver, 10)\n            >>> element = wait.until(EC.visibility_of_element_located((By.ID, \"exampleId\")))\n            >>> print(element.text)\n        \"\"\"\n        screen = None\n        stacktrace = None\n    \n        end_time = time.monotonic() + self._timeout\n        while True:\n            try:\n                value = method(self._driver)\n                if value:\n                    return value\n            except self._ignored_exceptions as exc:\n                screen = getattr(exc, \"screen\", None)\n                stacktrace = getattr(exc, \"stacktrace\", None)\n            if time.monotonic() > end_time:\n                break\n            time.sleep(self._poll)\n>       raise TimeoutException(message, screen, stacktrace)\nE       selenium.common.exceptions.TimeoutException: Message:\n\n..\\..\\AppData\\Local\\Packages\\PythonSoftwareFoundation.Python.3.13_qbz5n2kfra8p0\\LocalCache\\local-packages\\Python313\\site-packages\\selenium\\webdriver\\support\\wait.py:122: TimeoutException"}, "attachments": [{"name": "test_autosuggestion_dropdown_method3[datacsv9]_failure", "source": "85141bba-1060-4ef8-a480-0d7b1e2c0ec1-attachment.png", "type": "image/png"}], "parameters": [{"name": "datacsv", "value": "{'partial_name': 'jp', 'full_country_name': 'Japan'}"}], "start": 1767109207240, "stop": 1767109222823, "uuid": "cadf4c43-d178-46cc-b0ee-3294e5201a06", "historyId": "c69c89d15fdf187deaee952a9d6ec27b", "testCaseId": "a612e2400e488c6540729439bd4aee68", "fullName": "tests.test_conceptDemo.TestConcept#test_autosuggestion_dropdown_method3", "labels": [{"name": "parentSuite", "value": "tests"}, {"name": "suite", "value": "test_conceptDemo"}, {"name": "subSuite", "value": "TestConcept"}, {"name": "host", "value": "DESKTOP-I4T9O2R"}, {"name": "thread", "value": "23628-MainThread"}, {"name": "framework", "value": "pytest"}, {"name": "language", "value": "cpython3"}, {"name": "package", "value": "tests.test_conceptDemo"}], "titlePath": ["tests", "test_conceptDemo.py", "TestConcept"]}