2025-12-29 18:37:18,511 | INFO : LOGGER SMOKE TEST
2025-12-29 18:37:18,634 | INFO : ====== WebDriver manager ======
2025-12-29 18:37:21,690 | INFO : Get LATEST chromedriver version for google-chrome
2025-12-29 18:37:22,538 | INFO : Get LATEST chromedriver version for google-chrome
2025-12-29 18:37:23,250 | INFO : Driver [C:\Users\Lenova\.wdm\drivers\chromedriver\win64\137.0.7151.119\chromedriver-win32/chromedriver.exe] found in cache
2025-12-29 18:37:33,525 | INFO : TEST PASSED: test_autosuggestion_dropdown_method2[dataset0]
2025-12-29 18:37:34,179 | ERROR : TEST FAILED: test_autosuggestion_dropdown_method2[dataset1]
2025-12-29 18:37:34,180 | ERROR : Failed to capture screenshot: 'Function' object has no attribute 'driver'
2025-12-29 18:37:34,527 | ERROR : TEST FAILED: test_autosuggestion_dropdown_method2[dataset2]
2025-12-29 18:37:34,528 | ERROR : Failed to capture screenshot: 'Function' object has no attribute 'driver'
2025-12-29 18:37:34,880 | ERROR : TEST FAILED: test_autosuggestion_dropdown_method2[dataset3]
2025-12-29 18:37:34,881 | ERROR : Failed to capture screenshot: 'Function' object has no attribute 'driver'
2025-12-29 18:37:35,230 | ERROR : TEST FAILED: test_autosuggestion_dropdown_method2[dataset4]
2025-12-29 18:37:35,230 | ERROR : Failed to capture screenshot: 'Function' object has no attribute 'driver'
2025-12-29 18:37:35,539 | ERROR : TEST FAILED: test_autosuggestion_dropdown_method2[dataset5]
2025-12-29 18:37:35,541 | ERROR : Failed to capture screenshot: 'Function' object has no attribute 'driver'
2025-12-29 18:37:35,836 | ERROR : TEST FAILED: test_autosuggestion_dropdown_method2[dataset6]
2025-12-29 18:37:35,836 | ERROR : Failed to capture screenshot: 'Function' object has no attribute 'driver'
2025-12-29 18:37:36,161 | ERROR : TEST FAILED: test_autosuggestion_dropdown_method2[dataset7]
2025-12-29 18:37:36,162 | ERROR : Failed to capture screenshot: 'Function' object has no attribute 'driver'
2025-12-29 18:37:36,444 | ERROR : TEST FAILED: test_autosuggestion_dropdown_method2[dataset8]
2025-12-29 18:37:36,444 | ERROR : Failed to capture screenshot: 'Function' object has no attribute 'driver'
2025-12-29 18:37:36,714 | ERROR : TEST FAILED: test_autosuggestion_dropdown_method2[dataset9]
2025-12-29 18:37:36,714 | ERROR : Failed to capture screenshot: 'Function' object has no attribute 'driver'
2025-12-29 18:37:36,998 | ERROR : TEST FAILED: test_autosuggestion_dropdown_method2[dataset10]
2025-12-29 18:37:36,999 | ERROR : Failed to capture screenshot: 'Function' object has no attribute 'driver'
2025-12-29 18:37:37,579 | ERROR : TEST FAILED: test_autosuggestion_dropdown_method2[dataset11]
2025-12-29 18:37:37,579 | ERROR : Failed to capture screenshot: 'Function' object has no attribute 'driver'
