2025-12-29 20:12:22,015 | INFO : LOGGER SMOKE TEST
2025-12-29 20:12:22,147 | INFO : ====== WebDriver manager ======
2025-12-29 20:12:25,966 | INFO : Get LATEST chromedriver version for google-chrome
2025-12-29 20:12:26,917 | INFO : Get LATEST chromedriver version for google-chrome
2025-12-29 20:12:27,792 | INFO : Driver [C:\Users\Lenova\.wdm\drivers\chromedriver\win64\137.0.7151.119\chromedriver-win32/chromedriver.exe] found in cache
2025-12-29 20:12:40,873 | ERROR : TEST FAILED: test_autosuggestion_dropdown_method3[datacsv0]
2025-12-29 20:12:40,874 | ERROR : Failed to capture screenshot: 'Function' object has no attribute 'driver'
2025-12-29 20:12:45,538 | INFO : TEST PASSED: test_autosuggestion_dropdown_method3[datacsv1]
2025-12-29 20:12:51,776 | INFO : TEST PASSED: test_autosuggestion_dropdown_method3[datacsv2]
2025-12-29 20:12:56,627 | INFO : TEST PASSED: test_autosuggestion_dropdown_method3[datacsv3]
2025-12-29 20:13:01,853 | ERROR : TEST FAILED: test_autosuggestion_dropdown_method3[datacsv4]
2025-12-29 20:13:01,853 | ERROR : Failed to capture screenshot: 'Function' object has no attribute 'driver'
2025-12-29 20:13:07,359 | INFO : TEST PASSED: test_autosuggestion_dropdown_method3[datacsv5]
2025-12-29 20:13:12,234 | INFO : TEST PASSED: test_autosuggestion_dropdown_method3[datacsv6]
2025-12-29 20:13:16,768 | INFO : TEST PASSED: test_autosuggestion_dropdown_method3[datacsv7]
2025-12-29 20:13:21,256 | INFO : TEST PASSED: test_autosuggestion_dropdown_method3[datacsv8]
2025-12-29 20:13:40,796 | ERROR : TEST FAILED: test_autosuggestion_dropdown_method3[datacsv9]
2025-12-29 20:13:40,797 | ERROR : Failed to capture screenshot: 'Function' object has no attribute 'driver'
2025-12-29 20:13:47,345 | INFO : TEST PASSED: test_autosuggestion_dropdown_method3[datacsv10]
