2025-12-29 18:40:53,971 | INFO : LOGGER SMOKE TEST
2025-12-29 18:40:54,093 | INFO : ====== WebDriver manager ======
2025-12-29 18:40:57,104 | INFO : Get LATEST chromedriver version for google-chrome
2025-12-29 18:40:58,355 | INFO : Get LATEST chromedriver version for google-chrome
2025-12-29 18:41:00,139 | INFO : Driver [C:\Users\Lenova\.wdm\drivers\chromedriver\win64\137.0.7151.119\chromedriver-win32/chromedriver.exe] found in cache
2025-12-29 18:41:08,276 | INFO : TEST PASSED: test_autosuggestion_dropdown_method2[dataset0]
2025-12-29 18:41:08,910 | ERROR : TEST FAILED: test_autosuggestion_dropdown_method2[dataset1]
2025-12-29 18:41:08,911 | ERROR : Failed to capture screenshot: 'Function' object has no attribute 'driver'
2025-12-29 18:41:09,189 | ERROR : TEST FAILED: test_autosuggestion_dropdown_method2[dataset2]
2025-12-29 18:41:09,190 | ERROR : Failed to capture screenshot: 'Function' object has no attribute 'driver'
2025-12-29 18:41:09,516 | ERROR : TEST FAILED: test_autosuggestion_dropdown_method2[dataset3]
2025-12-29 18:41:09,518 | ERROR : Failed to capture screenshot: 'Function' object has no attribute 'driver'
2025-12-29 18:41:09,779 | ERROR : TEST FAILED: test_autosuggestion_dropdown_method2[dataset4]
2025-12-29 18:41:09,779 | ERROR : Failed to capture screenshot: 'Function' object has no attribute 'driver'
2025-12-29 18:41:10,058 | ERROR : TEST FAILED: test_autosuggestion_dropdown_method2[dataset5]
2025-12-29 18:41:10,058 | ERROR : Failed to capture screenshot: 'Function' object has no attribute 'driver'
2025-12-29 18:41:10,523 | ERROR : TEST FAILED: test_autosuggestion_dropdown_method2[dataset6]
2025-12-29 18:41:10,523 | ERROR : Failed to capture screenshot: 'Function' object has no attribute 'driver'
2025-12-29 18:41:10,910 | ERROR : TEST FAILED: test_autosuggestion_dropdown_method2[dataset7]
2025-12-29 18:41:10,910 | ERROR : Failed to capture screenshot: 'Function' object has no attribute 'driver'
2025-12-29 18:41:11,371 | ERROR : TEST FAILED: test_autosuggestion_dropdown_method2[dataset8]
2025-12-29 18:41:11,371 | ERROR : Failed to capture screenshot: 'Function' object has no attribute 'driver'
2025-12-29 18:41:11,720 | ERROR : TEST FAILED: test_autosuggestion_dropdown_method2[dataset9]
2025-12-29 18:41:11,720 | ERROR : Failed to capture screenshot: 'Function' object has no attribute 'driver'
2025-12-29 18:41:12,061 | ERROR : TEST FAILED: test_autosuggestion_dropdown_method2[dataset10]
2025-12-29 18:41:12,062 | ERROR : Failed to capture screenshot: 'Function' object has no attribute 'driver'
2025-12-29 18:41:12,440 | ERROR : TEST FAILED: test_autosuggestion_dropdown_method2[dataset11]
2025-12-29 18:41:12,441 | ERROR : Failed to capture screenshot: 'Function' object has no attribute 'driver'
