2025-12-29 18:38:34,491 | INFO : LOGGER SMOKE TEST
2025-12-29 18:38:34,697 | INFO : ====== WebDriver manager ======
2025-12-29 18:38:37,919 | INFO : Get LATEST chromedriver version for google-chrome
2025-12-29 18:38:39,173 | INFO : Get LATEST chromedriver version for google-chrome
2025-12-29 18:38:40,639 | INFO : Driver [C:\Users\Lenova\.wdm\drivers\chromedriver\win64\137.0.7151.119\chromedriver-win32/chromedriver.exe] found in cache
2025-12-29 18:38:49,908 | INFO : TEST PASSED: test_autosuggestion_dropdown_method2[dataset0]
2025-12-29 18:38:50,723 | ERROR : TEST FAILED: test_autosuggestion_dropdown_method2[dataset1]
2025-12-29 18:38:50,744 | ERROR : Failed to capture screenshot: 'Function' object has no attribute 'driver'
2025-12-29 18:38:51,226 | ERROR : TEST FAILED: test_autosuggestion_dropdown_method2[dataset2]
2025-12-29 18:38:51,230 | ERROR : Failed to capture screenshot: 'Function' object has no attribute 'driver'
2025-12-29 18:38:51,983 | ERROR : TEST FAILED: test_autosuggestion_dropdown_method2[dataset3]
2025-12-29 18:38:51,984 | ERROR : Failed to capture screenshot: 'Function' object has no attribute 'driver'
2025-12-29 18:38:52,571 | ERROR : TEST FAILED: test_autosuggestion_dropdown_method2[dataset4]
2025-12-29 18:38:52,571 | ERROR : Failed to capture screenshot: 'Function' object has no attribute 'driver'
2025-12-29 18:38:53,041 | ERROR : TEST FAILED: test_autosuggestion_dropdown_method2[dataset5]
2025-12-29 18:38:53,041 | ERROR : Failed to capture screenshot: 'Function' object has no attribute 'driver'
2025-12-29 18:38:53,470 | ERROR : TEST FAILED: test_autosuggestion_dropdown_method2[dataset6]
2025-12-29 18:38:53,471 | ERROR : Failed to capture screenshot: 'Function' object has no attribute 'driver'
2025-12-29 18:38:53,902 | ERROR : TEST FAILED: test_autosuggestion_dropdown_method2[dataset7]
2025-12-29 18:38:53,903 | ERROR : Failed to capture screenshot: 'Function' object has no attribute 'driver'
2025-12-29 18:38:54,319 | ERROR : TEST FAILED: test_autosuggestion_dropdown_method2[dataset8]
2025-12-29 18:38:54,319 | ERROR : Failed to capture screenshot: 'Function' object has no attribute 'driver'
2025-12-29 18:38:54,790 | ERROR : TEST FAILED: test_autosuggestion_dropdown_method2[dataset9]
2025-12-29 18:38:54,791 | ERROR : Failed to capture screenshot: 'Function' object has no attribute 'driver'
2025-12-29 18:38:55,225 | ERROR : TEST FAILED: test_autosuggestion_dropdown_method2[dataset10]
2025-12-29 18:38:55,225 | ERROR : Failed to capture screenshot: 'Function' object has no attribute 'driver'
2025-12-29 18:38:55,797 | ERROR : TEST FAILED: test_autosuggestion_dropdown_method2[dataset11]
2025-12-29 18:38:55,797 | ERROR : Failed to capture screenshot: 'Function' object has no attribute 'driver'
